<?xml version="1.0" encoding="UTF-8"?>
<!-- Generated by org.testng.reporters.JUnitReportReporter -->
<testsuite skipped="0" hostname="sairam-PC" name="TestNG.addressbook" tests="1" failures="0" timestamp="05 Aug 2018 03:20:29 GMT" time="11.313" errors="0">
  <testcase name="verfiylogin" time="11.313" classname="TestNG.addressbook"/>
</testsuite> <!-- TestNG.addressbook -->
